{"/Users/dan/Google Drive/client-1/src/components/About/index.js": {"path":"/Users/dan/Google Drive/client-1/src/components/About/index.js","statementMap":{"0":{"start":{"line":4,"column":14},"end":{"line":17,"column":1}},"1":{"start":{"line":5,"column":1},"end":{"line":16,"column":3}}},"fnMap":{"0":{"name":"(anonymous_0)","decl":{"start":{"line":4,"column":14},"end":{"line":4,"column":15}},"loc":{"start":{"line":4,"column":20},"end":{"line":17,"column":1}},"line":4}},"branchMap":{},"s":{"0":1,"1":0},"f":{"0":0},"b":{},"_coverageSchema":"1a1c01bbd47fc00a2c39e90264f33305004495a9","hash":"8cf02c8e467620e1b0c17773b8ef3935ae6d2c6c"}
,"/Users/dan/Google Drive/client-1/src/components/DeleteAccountModal/index.js": {"path":"/Users/dan/Google Drive/client-1/src/components/DeleteAccountModal/index.js","statementMap":{"0":{"start":{"line":5,"column":20},"end":{"line":8,"column":2}},"1":{"start":{"line":10,"column":1},"end":{"line":21,"column":3}}},"fnMap":{"0":{"name":"(anonymous_0)","decl":{"start":{"line":4,"column":15},"end":{"line":4,"column":16}},"loc":{"start":{"line":4,"column":46},"end":{"line":22,"column":1}},"line":4}},"branchMap":{"0":{"loc":{"start":{"line":6,"column":11},"end":{"line":6,"column":28}},"type":"cond-expr","locations":[{"start":{"line":6,"column":23},"end":{"line":6,"column":24}},{"start":{"line":6,"column":27},"end":{"line":6,"column":28}}],"line":6},"1":{"loc":{"start":{"line":7,"column":17},"end":{"line":7,"column":43}},"type":"cond-expr","locations":[{"start":{"line":7,"column":29},"end":{"line":7,"column":34}},{"start":{"line":7,"column":37},"end":{"line":7,"column":43}}],"line":7}},"s":{"0":0,"1":0},"f":{"0":0},"b":{"0":[0,0],"1":[0,0]},"_coverageSchema":"1a1c01bbd47fc00a2c39e90264f33305004495a9","hash":"3951d3384ce6c5a4fb7ccfecc7971dabe0c617aa"}
,"/Users/dan/Google Drive/client-1/src/components/Header/index.js": {"path":"/Users/dan/Google Drive/client-1/src/components/Header/index.js","statementMap":{"0":{"start":{"line":4,"column":15},"end":{"line":11,"column":1}},"1":{"start":{"line":5,"column":1},"end":{"line":10,"column":3}}},"fnMap":{"0":{"name":"(anonymous_0)","decl":{"start":{"line":4,"column":15},"end":{"line":4,"column":16}},"loc":{"start":{"line":4,"column":21},"end":{"line":11,"column":1}},"line":4}},"branchMap":{},"s":{"0":1,"1":0},"f":{"0":0},"b":{},"_coverageSchema":"1a1c01bbd47fc00a2c39e90264f33305004495a9","hash":"c33002f24ddc8c47590ee5944ff82b6b00395ed4"}
,"/Users/dan/Google Drive/client-1/src/components/Review/index.js": {"path":"/Users/dan/Google Drive/client-1/src/components/Review/index.js","statementMap":{"0":{"start":{"line":4,"column":15},"end":{"line":15,"column":1}},"1":{"start":{"line":5,"column":1},"end":{"line":14,"column":3}}},"fnMap":{"0":{"name":"(anonymous_0)","decl":{"start":{"line":4,"column":15},"end":{"line":4,"column":16}},"loc":{"start":{"line":4,"column":21},"end":{"line":15,"column":1}},"line":4}},"branchMap":{},"s":{"0":1,"1":0},"f":{"0":0},"b":{},"_coverageSchema":"1a1c01bbd47fc00a2c39e90264f33305004495a9","hash":"7ec2d96e52bd9ed4b9b95ee4075e314ad1d29337"}
}
